2022-03-29 21:46:56.425  INFO 29516 --- [main] c.a.signing.SigningApplication           : Starting SigningApplication using Java 15.0.2 on LAPTOP-OKOUJH4I with PID 29516 (C:\Desarrollo\MI_AMORCITO\project-auto\target\classes started by cshar in C:\Desarrollo\MI_AMORCITO\project-auto)
2022-03-29 21:46:56.465  INFO 29516 --- [main] c.a.signing.SigningApplication           : No active profile set, falling back to 1 default profile: "default"
2022-03-29 21:46:57.484  INFO 29516 --- [main] .s.d.r.c.RepositoryConfigurationDelegate : Bootstrapping Spring Data MongoDB repositories in DEFAULT mode.
2022-03-29 21:46:57.600  INFO 29516 --- [main] .s.d.r.c.RepositoryConfigurationDelegate : Finished Spring Data repository scanning in 106 ms. Found 1 MongoDB repository interfaces.
2022-03-29 21:46:58.570  INFO 29516 --- [main] o.s.b.w.embedded.tomcat.TomcatWebServer  : Tomcat initialized with port(s): 8080 (http)
2022-03-29 21:46:58.585  INFO 29516 --- [main] o.apache.catalina.core.StandardService   : Starting service [Tomcat]
2022-03-29 21:46:58.585  INFO 29516 --- [main] org.apache.catalina.core.StandardEngine  : Starting Servlet engine: [Apache Tomcat/9.0.58]
2022-03-29 21:46:58.780  INFO 29516 --- [main] o.a.c.c.C.[Tomcat].[localhost].[/]       : Initializing Spring embedded WebApplicationContext
2022-03-29 21:46:58.781  INFO 29516 --- [main] w.s.c.ServletWebServerApplicationContext : Root WebApplicationContext: initialization completed in 2215 ms
2022-03-29 21:46:59.179  INFO 29516 --- [main] org.mongodb.driver.cluster               : Cluster created with settings {hosts=[192.168.1.145:27017], mode=SINGLE, requiredClusterType=UNKNOWN, serverSelectionTimeout='30000 ms'}
2022-03-29 21:47:09.296  INFO 29516 --- [cluster-ClusterId{value='624362337ae4145b23f8c799', description='null'}-192.168.1.145:27017] org.mongodb.driver.cluster               : Exception in monitor thread while connecting to server 192.168.1.145:27017

com.mongodb.MongoSocketOpenException: Exception opening socket
	at com.mongodb.internal.connection.SocketStream.open(SocketStream.java:70) ~[mongodb-driver-core-4.4.2.jar:na]
	at com.mongodb.internal.connection.InternalStreamConnection.open(InternalStreamConnection.java:180) ~[mongodb-driver-core-4.4.2.jar:na]
	at com.mongodb.internal.connection.DefaultServerMonitor$ServerMonitorRunnable.lookupServerDescription(DefaultServerMonitor.java:188) ~[mongodb-driver-core-4.4.2.jar:na]
	at com.mongodb.internal.connection.DefaultServerMonitor$ServerMonitorRunnable.run(DefaultServerMonitor.java:152) ~[mongodb-driver-core-4.4.2.jar:na]
	at java.base/java.lang.Thread.run(Thread.java:832) ~[na:na]
Caused by: java.net.SocketTimeoutException: Connect timed out
	at java.base/sun.nio.ch.NioSocketImpl.timedFinishConnect(NioSocketImpl.java:546) ~[na:na]
	at java.base/sun.nio.ch.NioSocketImpl.connect(NioSocketImpl.java:597) ~[na:na]
	at java.base/java.net.SocksSocketImpl.connect(SocksSocketImpl.java:333) ~[na:na]
	at java.base/java.net.Socket.connect(Socket.java:648) ~[na:na]
	at com.mongodb.internal.connection.SocketStreamHelper.initialize(SocketStreamHelper.java:107) ~[mongodb-driver-core-4.4.2.jar:na]
	at com.mongodb.internal.connection.SocketStream.initializeSocket(SocketStream.java:79) ~[mongodb-driver-core-4.4.2.jar:na]
	at com.mongodb.internal.connection.SocketStream.open(SocketStream.java:65) ~[mongodb-driver-core-4.4.2.jar:na]
	... 4 common frames omitted

